<?xml version="1.0" encoding="UTF-8"?>
<!-- Generated by org.testng.reporters.JUnitReportReporter -->
<testsuite hostname="Atuls-MacBook-Air.local" failures="0" tests="1" name="com.bridgelabz.test.BaseClass" time="7.667" errors="0" timestamp="2023-03-16T11:53:02 IST" skipped="0">
  <testcase classname="com.bridgelabz.test.BaseClass" name="setup" time="7.667"/>
  <system-out/>
</testsuite> <!-- com.bridgelabz.test.BaseClass -->
