<?xml version="1.0" encoding="UTF-8"?>
<!-- Generated by org.testng.reporters.JUnitReportReporter -->
<testsuite skipped="0" hostname="Atuls-MacBook-Air.local" name="com.bridgelabz.test.PopUp" tests="2" failures="0" timestamp="2023-03-18T00:29:58 IST" time="13.116" errors="0">
  <testcase name="simpleAlert" time="3.975" classname="com.bridgelabz.test.PopUp"/>
  <system-out/>
  <testcase name="confirmAlert" time="9.141" classname="com.bridgelabz.test.PopUp"/>
  <system-out/>
</testsuite> <!-- com.bridgelabz.test.PopUp -->
