<?xml version="1.0" encoding="UTF-8"?>
<!-- Generated by org.testng.reporters.JUnitReportReporter -->
<testsuite skipped="0" hostname="Atuls-MacBook-Air.local" name="com.bridgelabz.test.InSink" tests="1" failures="0" timestamp="2023-03-20T16:57:34 IST" time="93.524" errors="0">
  <testcase name="residence" time="93.524" classname="com.bridgelabz.test.InSink"/>
  <system-out/>
</testsuite> <!-- com.bridgelabz.test.InSink -->
