<?xml version="1.0" encoding="UTF-8"?>
<!-- Generated by org.testng.reporters.JUnitReportReporter -->
<testsuite skipped="0" hostname="Atuls-MacBook-Air.local" name="com.bridgelabz.test.BrokenLinks" tests="1" failures="0" timestamp="2023-04-04T17:10:22 IST" time="23.975" errors="0">
  <testcase name="brokenLinks" time="23.975" classname="com.bridgelabz.test.BrokenLinks"/>
  <system-out/>
</testsuite> <!-- com.bridgelabz.test.BrokenLinks -->
