<?xml version="1.0" encoding="UTF-8"?>
<!-- Generated by org.testng.reporters.JUnitReportReporter -->
<testsuite skipped="0" hostname="Atuls-MacBook-Air.local" name="com.bridgelabz.test.karzanddolls" tests="1" failures="0" timestamp="2023-03-18T13:27:21 IST" time="64.042" errors="0">
  <testcase name="carsModel" time="64.042" classname="com.bridgelabz.test.karzanddolls"/>
  <system-out/>
</testsuite> <!-- com.bridgelabz.test.karzanddolls -->
